<?xml version="1.0" encoding="UTF-8"?>
<testsuite name="com.ubs.opsit.interviews.example.ExampleTest" tests="1" skipped="0" failures="0" errors="0" timestamp="2016-03-04T03:06:24" hostname="satish-HP" time="0.255">
  <properties/>
  <testcase name="thisTestShouldPassIfYouHaveEverythingIsSetupCorrectly" classname="com.ubs.opsit.interviews.example.ExampleTest" time="0.255"/>
  <system-out><![CDATA[2016-03-04T08:36:25.142 | est worker | Example              | DEBUG  - Hello 
]]></system-out>
  <system-err><![CDATA[]]></system-err>
</testsuite>
